<?xml version="1.0" encoding="UTF-8"?>
<!-- Generated by org.testng.reporters.JUnitXMLReporter -->
<testsuite ignored="0" hostname="LAPTOP-KAJ214MO" failures="2" tests="2" name="Default test" time="4.624" errors="0" timestamp="14 Jun 2021 12:34:05 GMT">
  <testcase classname="io.cucumber.testng.AbstractTestNGCucumberTests" name="runScenario" time="0.536">
    <failure type="java.lang.AssertionError" message="Invalid Browser: null">
      <![CDATA[java.lang.AssertionError: Invalid Browser: nullat org.testng.Assert.fail(Assert.java:96)at com.tdassignment.utilities.Utilities.getDriver(Utilities.java:47)at com.tdassignment.pages.PageBase.launchURL(PageBase.java:18)at com.tdassignment.steps.StepsBase.setUp(StepsBase.java:25)]]>
    </failure>
  </testcase> <!-- runScenario -->
  <testcase classname="io.cucumber.testng.AbstractTestNGCucumberTests" name="runScenario" time="0.536">
    <failure type="java.lang.AssertionError" message="Invalid Browser: null">
      <![CDATA[java.lang.AssertionError: Invalid Browser: nullat org.testng.Assert.fail(Assert.java:96)at com.tdassignment.utilities.Utilities.getDriver(Utilities.java:47)at com.tdassignment.pages.PageBase.launchURL(PageBase.java:18)at com.tdassignment.steps.StepsBase.setUp(StepsBase.java:25)]]>
    </failure>
  </testcase> <!-- runScenario -->
</testsuite> <!-- Default test -->
