<?xml version="1.0" encoding="UTF-8"?>
<testsuite xmlns:xsi="http://www.w3.org/2001/XMLSchema-instance" xsi:noNamespaceSchemaLocation="https://maven.apache.org/surefire/maven-surefire-plugin/xsd/surefire-test-report.xsd" name="parallel.RunCucumberTest" time="1.5" tests="1" errors="0" skipped="0" failures="1">
  <properties>
[...]
</properties>
  <testcase name="setUpClass" classname="parallel.RunCucumberTest" time="1.276">
    <failure message="path must exist: C:\TD_Assignment\parallel" type="java.lang.IllegalArgumentException">java.lang.IllegalArgumentException: path must exist: C:\TD_Assignment\parallel
</failure>
  </testcase>
</testsuite>