<?xml version="1.0" encoding="UTF-8"?>
<testng-results ignored="0" total="1" passed="1" failed="0" skipped="0">
  <reporter-output>
    <line>
      <![CDATA[Launched URL: https://www.amazon.ca/]]>
    </line>
    <line>
      <![CDATA[Hamburger Menu is clickable]]>
    </line>
    <line>
      <![CDATA[Hamburger Menu is clicked]]>
    </line>
    <line>
      <![CDATA[Kindle List Item is clickable]]>
    </line>
    <line>
      <![CDATA[Kindle List Item is clicked]]>
    </line>
    <line>
      <![CDATA[kindle E-Reader is clickable]]>
    </line>
    <line>
      <![CDATA[kindle E-Reader is clicked]]>
    </line>
    <line>
      <![CDATA[Product Title is visible]]>
    </line>
    <line>
      <![CDATA[Buy Now Button is clickable]]>
    </line>
    <line>
      <![CDATA[Buy Now Button is clicked]]>
    </line>
    <line>
      <![CDATA[Phone Or Email Message is visible]]>
    </line>
    <line>
      <![CDATA[User is prompted to enter phone or Email]]>
    </line>
    <line>
      <![CDATA[Closed Browser]]>
    </line>
  </reporter-output>
  <suite started-at="2021-06-14T15:07:40Z" name="TDAssignment" finished-at="2021-06-14T15:09:04Z" duration-ms="84398">
    <groups>
      <group name="cucumber">
        <method signature="AbstractTestNGCucumberTests.runScenario(io.cucumber.testng.PickleWrapper, io.cucumber.testng.FeatureWrapper)[pri:0, instance:com.tdassignment.tests.TestRunner@6ea2bc93]" name="runScenario" class="io.cucumber.testng.AbstractTestNGCucumberTests"/>
      </group> <!-- cucumber -->
    </groups>
    <test started-at="2021-06-14T15:07:40Z" name="Validate_Authentication_Required_Purchase_AmazonKindle" finished-at="2021-06-14T15:09:04Z" duration-ms="84398">
      <class name="com.tdassignment.tests.TestRunner">
        <test-method is-config="true" signature="setUpClass()[pri:0, instance:com.tdassignment.tests.TestRunner@6ea2bc93]" started-at="2021-06-14T11:07:40Z" name="setUpClass" finished-at="2021-06-14T11:07:41Z" duration-ms="1333" status="PASS">
          <reporter-output>
          </reporter-output>
        </test-method> <!-- setUpClass -->
        <test-method signature="runScenario(io.cucumber.testng.PickleWrapper, io.cucumber.testng.FeatureWrapper)[pri:0, instance:com.tdassignment.tests.TestRunner@6ea2bc93]" started-at="2021-06-14T11:07:41Z" name="runScenario" description="Runs Cucumber Scenarios" data-provider="scenarios" finished-at="2021-06-14T11:08:46Z" duration-ms="64253" status="PASS">
          <params>
            <param index="0">
              <value>
                <![CDATA["Verify user is asked for email or mobile number on attempting to buy amazon kindle"]]>
              </value>
            </param>
            <param index="1">
              <value>
                <![CDATA["Optional[Validate login information is asked when buying amazon kindle]"]]>
              </value>
            </param>
          </params>
          <reporter-output>
            <line>
              <![CDATA[Launched URL: https://www.amazon.ca/]]>
            </line>
            <line>
              <![CDATA[Hamburger Menu is clickable]]>
            </line>
            <line>
              <![CDATA[Hamburger Menu is clicked]]>
            </line>
            <line>
              <![CDATA[Kindle List Item is clickable]]>
            </line>
            <line>
              <![CDATA[Kindle List Item is clicked]]>
            </line>
            <line>
              <![CDATA[kindle E-Reader is clickable]]>
            </line>
            <line>
              <![CDATA[kindle E-Reader is clicked]]>
            </line>
            <line>
              <![CDATA[Product Title is visible]]>
            </line>
            <line>
              <![CDATA[Buy Now Button is clickable]]>
            </line>
            <line>
              <![CDATA[Buy Now Button is clicked]]>
            </line>
            <line>
              <![CDATA[Phone Or Email Message is visible]]>
            </line>
            <line>
              <![CDATA[User is prompted to enter phone or Email]]>
            </line>
            <line>
              <![CDATA[Closed Browser]]>
            </line>
          </reporter-output>
        </test-method> <!-- runScenario -->
        <test-method is-config="true" signature="tearDownClass()[pri:0, instance:com.tdassignment.tests.TestRunner@6ea2bc93]" started-at="2021-06-14T11:08:46Z" name="tearDownClass" finished-at="2021-06-14T11:09:04Z" duration-ms="18779" status="PASS">
          <reporter-output>
          </reporter-output>
        </test-method> <!-- tearDownClass -->
      </class> <!-- com.tdassignment.tests.TestRunner -->
    </test> <!-- Validate_Authentication_Required_Purchase_AmazonKindle -->
  </suite> <!-- TDAssignment -->
</testng-results>
