<?xml version="1.0" encoding="UTF-8"?>
<!-- Generated by org.testng.reporters.JUnitXMLReporter -->
<testsuite ignored="0" hostname="LAPTOP-KAJ214MO" failures="1" tests="1" name="InternetExplorerTest" time="0.696" errors="0" timestamp="14 Jun 2021 04:12:13 GMT">
  <testcase classname="io.cucumber.testng.AbstractTestNGCucumberTests" name="runScenario" time="0.088">
    <failure type="java.lang.AssertionError" message="Invalid Browser: ie">
      <![CDATA[java.lang.AssertionError: Invalid Browser: ieat com.tdassignment.utilities.Utilities.getDriver(Utilities.java:47)at com.tdassignment.pages.PageBase.launchURL(PageBase.java:18)at com.tdassignment.steps.StepsBase.setUp(StepsBase.java:25)... Removed 1 stack frames]]>
    </failure>
  </testcase> <!-- runScenario -->
</testsuite> <!-- InternetExplorerTest -->
