<?xml version="1.0" encoding="UTF-8"?>
<!-- Generated by org.testng.reporters.JUnitXMLReporter -->
<testsuite ignored="0" hostname="LAPTOP-KAJ214MO" failures="1" tests="1" name="Test2" time="0.737" errors="0" timestamp="13 Jun 2021 22:19:20 GMT">
  <testcase classname="io.cucumber.testng.AbstractTestNGCucumberTests" name="runScenario" time="0.052">
    <failure type="java.lang.NullPointerException">
      <![CDATA[java.lang.NullPointerExceptionat com.tdassignment.pages.PageBase.verifyCurrentURL(PageBase.java:36)at com.tdassignment.steps.StepsBase.URL_is_launched(StepsBase.java:34)at ✽.URL is launched(file:///C:/TD_Assignment/features/kindleOrder.feature:4)]]>
    </failure>
  </testcase> <!-- runScenario -->
</testsuite> <!-- Test2 -->
